11-13 17:52:45 com_github_MitjaNemec_PlaceFootprints.action_place_footprints 674:Plugin executed on: 'win32'
11-13 17:52:45 com_github_MitjaNemec_PlaceFootprints.action_place_footprints 675:Plugin executed with python version: '3.11.5 (main, Jan 27 2025, 07:08:36) [MSC v.1942 64 bit (AMD64)]'
11-13 17:52:45 com_github_MitjaNemec_PlaceFootprints.action_place_footprints 676:KiCad build version: 9.0.0
11-13 17:52:45 com_github_MitjaNemec_PlaceFootprints.action_place_footprints 677:Plugin version: 4.0.1
11-13 17:52:45 com_github_MitjaNemec_PlaceFootprints.action_place_footprints 678:Frame repr: <wx._core.Frame object at 0x000001D589BF7EB0>
11-13 17:52:45 com_github_MitjaNemec_PlaceFootprints.place_footprints 121:getting a list of all footprints on board
11-13 17:52:45 com_github_MitjaNemec_PlaceFootprints.place_footprints 156:Footprint J14 on root level
11-13 17:52:45 com_github_MitjaNemec_PlaceFootprints.place_footprints 156:Footprint J20 on root level
11-13 17:52:45 com_github_MitjaNemec_PlaceFootprints.place_footprints 156:Footprint J13 on root level
11-13 17:52:45 com_github_MitjaNemec_PlaceFootprints.place_footprints 156:Footprint R64 on root level
11-13 17:52:45 com_github_MitjaNemec_PlaceFootprints.place_footprints 156:Footprint R61 on root level
11-13 17:52:45 com_github_MitjaNemec_PlaceFootprints.place_footprints 156:Footprint R62 on root level
11-13 17:52:45 com_github_MitjaNemec_PlaceFootprints.place_footprints 156:Footprint R63 on root level
11-13 17:52:45 com_github_MitjaNemec_PlaceFootprints.place_footprints 156:Footprint R52 on root level
11-13 17:52:45 com_github_MitjaNemec_PlaceFootprints.place_footprints 156:Footprint R51 on root level
11-13 17:52:45 com_github_MitjaNemec_PlaceFootprints.place_footprints 156:Footprint R49 on root level
11-13 17:52:45 com_github_MitjaNemec_PlaceFootprints.place_footprints 156:Footprint R44 on root level
11-13 17:52:45 com_github_MitjaNemec_PlaceFootprints.place_footprints 156:Footprint R43 on root level
11-13 17:52:45 com_github_MitjaNemec_PlaceFootprints.place_footprints 156:Footprint R50 on root level
11-13 17:52:45 com_github_MitjaNemec_PlaceFootprints.place_footprints 156:Footprint R42 on root level
11-13 17:52:45 com_github_MitjaNemec_PlaceFootprints.place_footprints 156:Footprint R41 on root level
11-13 17:52:45 com_github_MitjaNemec_PlaceFootprints.place_footprints 156:Footprint J15 on root level
11-13 17:52:45 com_github_MitjaNemec_PlaceFootprints.place_footprints 156:Footprint J31 on root level
11-13 17:52:45 com_github_MitjaNemec_PlaceFootprints.place_footprints 156:Footprint J32 on root level
11-13 17:52:45 com_github_MitjaNemec_PlaceFootprints.place_footprints 156:Footprint J30 on root level
11-13 17:52:45 com_github_MitjaNemec_PlaceFootprints.place_footprints 156:Footprint J29 on root level
11-13 17:52:45 com_github_MitjaNemec_PlaceFootprints.place_footprints 156:Footprint J28 on root level
11-13 17:52:45 com_github_MitjaNemec_PlaceFootprints.place_footprints 156:Footprint J27 on root level
11-13 17:52:45 com_github_MitjaNemec_PlaceFootprints.place_footprints 156:Footprint J26 on root level
11-13 17:52:45 com_github_MitjaNemec_PlaceFootprints.place_footprints 156:Footprint J21 on root level
11-13 17:52:45 com_github_MitjaNemec_PlaceFootprints.place_footprints 156:Footprint J17 on root level
11-13 17:52:45 com_github_MitjaNemec_PlaceFootprints.place_footprints 156:Footprint J16 on root level
11-13 17:52:45 com_github_MitjaNemec_PlaceFootprints.place_footprints 156:Footprint J9 on root level
11-13 17:52:45 com_github_MitjaNemec_PlaceFootprints.place_footprints 156:Footprint J8 on root level
11-13 17:52:45 com_github_MitjaNemec_PlaceFootprints.place_footprints 156:Footprint J7 on root level
11-13 17:52:45 com_github_MitjaNemec_PlaceFootprints.place_footprints 156:Footprint J6 on root level
11-13 17:52:45 com_github_MitjaNemec_PlaceFootprints.place_footprints 156:Footprint J4 on root level
11-13 17:52:45 com_github_MitjaNemec_PlaceFootprints.place_footprints 156:Footprint J3 on root level
11-13 17:52:45 com_github_MitjaNemec_PlaceFootprints.place_footprints 156:Footprint J2 on root level
11-13 17:52:45 com_github_MitjaNemec_PlaceFootprints.place_footprints 156:Footprint H4 on root level
11-13 17:52:45 com_github_MitjaNemec_PlaceFootprints.place_footprints 156:Footprint H3 on root level
11-13 17:52:45 com_github_MitjaNemec_PlaceFootprints.place_footprints 156:Footprint H2 on root level
11-13 17:52:45 com_github_MitjaNemec_PlaceFootprints.place_footprints 156:Footprint H1 on root level
11-13 17:52:45 com_github_MitjaNemec_PlaceFootprints.place_footprints 156:Footprint C4 on root level
11-13 17:52:45 com_github_MitjaNemec_PlaceFootprints.place_footprints 156:Footprint C3 on root level
11-13 17:52:45 com_github_MitjaNemec_PlaceFootprints.place_footprints 156:Footprint C2 on root level
11-13 17:52:45 com_github_MitjaNemec_PlaceFootprints.place_footprints 156:Footprint U5 on root level
11-13 17:52:45 com_github_MitjaNemec_PlaceFootprints.place_footprints 156:Footprint U4 on root level
11-13 17:52:45 com_github_MitjaNemec_PlaceFootprints.place_footprints 156:Footprint U3 on root level
11-13 17:52:45 com_github_MitjaNemec_PlaceFootprints.place_footprints 156:Footprint U2 on root level
11-13 17:52:45 com_github_MitjaNemec_PlaceFootprints.place_footprints 156:Footprint U1 on root level
11-13 17:52:45 com_github_MitjaNemec_PlaceFootprints.place_footprints 156:Footprint R88 on root level
11-13 17:52:45 com_github_MitjaNemec_PlaceFootprints.place_footprints 156:Footprint R87 on root level
11-13 17:52:45 com_github_MitjaNemec_PlaceFootprints.place_footprints 156:Footprint R86 on root level
11-13 17:52:45 com_github_MitjaNemec_PlaceFootprints.place_footprints 156:Footprint R85 on root level
11-13 17:52:45 com_github_MitjaNemec_PlaceFootprints.place_footprints 156:Footprint R84 on root level
11-13 17:52:45 com_github_MitjaNemec_PlaceFootprints.place_footprints 156:Footprint R83 on root level
11-13 17:52:45 com_github_MitjaNemec_PlaceFootprints.place_footprints 156:Footprint R82 on root level
11-13 17:52:45 com_github_MitjaNemec_PlaceFootprints.place_footprints 156:Footprint R81 on root level
11-13 17:52:45 com_github_MitjaNemec_PlaceFootprints.place_footprints 156:Footprint R80 on root level
11-13 17:52:45 com_github_MitjaNemec_PlaceFootprints.place_footprints 156:Footprint R79 on root level
11-13 17:52:45 com_github_MitjaNemec_PlaceFootprints.place_footprints 156:Footprint R78 on root level
11-13 17:52:45 com_github_MitjaNemec_PlaceFootprints.place_footprints 156:Footprint R77 on root level
11-13 17:52:45 com_github_MitjaNemec_PlaceFootprints.place_footprints 156:Footprint R76 on root level
11-13 17:52:45 com_github_MitjaNemec_PlaceFootprints.place_footprints 156:Footprint R75 on root level
11-13 17:52:45 com_github_MitjaNemec_PlaceFootprints.place_footprints 156:Footprint R74 on root level
11-13 17:52:45 com_github_MitjaNemec_PlaceFootprints.place_footprints 156:Footprint R73 on root level
11-13 17:52:45 com_github_MitjaNemec_PlaceFootprints.place_footprints 156:Footprint R72 on root level
11-13 17:52:45 com_github_MitjaNemec_PlaceFootprints.place_footprints 156:Footprint R71 on root level
11-13 17:52:45 com_github_MitjaNemec_PlaceFootprints.place_footprints 156:Footprint R70 on root level
11-13 17:52:45 com_github_MitjaNemec_PlaceFootprints.place_footprints 156:Footprint R69 on root level
11-13 17:52:45 com_github_MitjaNemec_PlaceFootprints.place_footprints 156:Footprint R68 on root level
11-13 17:52:45 com_github_MitjaNemec_PlaceFootprints.place_footprints 156:Footprint R67 on root level
11-13 17:52:45 com_github_MitjaNemec_PlaceFootprints.place_footprints 156:Footprint R66 on root level
11-13 17:52:45 com_github_MitjaNemec_PlaceFootprints.place_footprints 156:Footprint R65 on root level
11-13 17:52:45 com_github_MitjaNemec_PlaceFootprints.place_footprints 156:Footprint R60 on root level
11-13 17:52:45 com_github_MitjaNemec_PlaceFootprints.place_footprints 156:Footprint R59 on root level
11-13 17:52:45 com_github_MitjaNemec_PlaceFootprints.place_footprints 156:Footprint R58 on root level
11-13 17:52:45 com_github_MitjaNemec_PlaceFootprints.place_footprints 156:Footprint R57 on root level
11-13 17:52:45 com_github_MitjaNemec_PlaceFootprints.place_footprints 156:Footprint R56 on root level
11-13 17:52:45 com_github_MitjaNemec_PlaceFootprints.place_footprints 156:Footprint R55 on root level
11-13 17:52:45 com_github_MitjaNemec_PlaceFootprints.place_footprints 156:Footprint R54 on root level
11-13 17:52:45 com_github_MitjaNemec_PlaceFootprints.place_footprints 156:Footprint R53 on root level
11-13 17:52:45 com_github_MitjaNemec_PlaceFootprints.place_footprints 156:Footprint R48 on root level
11-13 17:52:45 com_github_MitjaNemec_PlaceFootprints.place_footprints 156:Footprint R47 on root level
11-13 17:52:45 com_github_MitjaNemec_PlaceFootprints.place_footprints 156:Footprint R46 on root level
11-13 17:52:45 com_github_MitjaNemec_PlaceFootprints.place_footprints 156:Footprint R45 on root level
11-13 17:52:45 com_github_MitjaNemec_PlaceFootprints.place_footprints 156:Footprint R40 on root level
11-13 17:52:45 com_github_MitjaNemec_PlaceFootprints.place_footprints 156:Footprint R39 on root level
11-13 17:52:45 com_github_MitjaNemec_PlaceFootprints.place_footprints 156:Footprint R38 on root level
11-13 17:52:45 com_github_MitjaNemec_PlaceFootprints.place_footprints 156:Footprint R37 on root level
11-13 17:52:45 com_github_MitjaNemec_PlaceFootprints.place_footprints 156:Footprint R36 on root level
11-13 17:52:45 com_github_MitjaNemec_PlaceFootprints.place_footprints 156:Footprint R35 on root level
11-13 17:52:45 com_github_MitjaNemec_PlaceFootprints.place_footprints 156:Footprint R34 on root level
11-13 17:52:45 com_github_MitjaNemec_PlaceFootprints.place_footprints 156:Footprint R33 on root level
11-13 17:52:45 com_github_MitjaNemec_PlaceFootprints.place_footprints 156:Footprint R32 on root level
11-13 17:52:45 com_github_MitjaNemec_PlaceFootprints.place_footprints 156:Footprint R31 on root level
11-13 17:52:45 com_github_MitjaNemec_PlaceFootprints.place_footprints 156:Footprint R30 on root level
11-13 17:52:45 com_github_MitjaNemec_PlaceFootprints.place_footprints 156:Footprint R29 on root level
11-13 17:52:45 com_github_MitjaNemec_PlaceFootprints.place_footprints 156:Footprint R28 on root level
11-13 17:52:45 com_github_MitjaNemec_PlaceFootprints.place_footprints 156:Footprint R27 on root level
11-13 17:52:45 com_github_MitjaNemec_PlaceFootprints.place_footprints 156:Footprint R26 on root level
11-13 17:52:45 com_github_MitjaNemec_PlaceFootprints.place_footprints 156:Footprint R25 on root level
11-13 17:52:45 com_github_MitjaNemec_PlaceFootprints.place_footprints 156:Footprint R24 on root level
11-13 17:52:45 com_github_MitjaNemec_PlaceFootprints.place_footprints 156:Footprint R23 on root level
11-13 17:52:45 com_github_MitjaNemec_PlaceFootprints.place_footprints 156:Footprint R22 on root level
11-13 17:52:45 com_github_MitjaNemec_PlaceFootprints.place_footprints 156:Footprint R21 on root level
11-13 17:52:45 com_github_MitjaNemec_PlaceFootprints.place_footprints 156:Footprint R20 on root level
11-13 17:52:45 com_github_MitjaNemec_PlaceFootprints.place_footprints 156:Footprint R19 on root level
11-13 17:52:45 com_github_MitjaNemec_PlaceFootprints.place_footprints 156:Footprint R18 on root level
11-13 17:52:45 com_github_MitjaNemec_PlaceFootprints.place_footprints 156:Footprint R17 on root level
11-13 17:52:45 com_github_MitjaNemec_PlaceFootprints.place_footprints 156:Footprint R16 on root level
11-13 17:52:45 com_github_MitjaNemec_PlaceFootprints.place_footprints 156:Footprint R15 on root level
11-13 17:52:45 com_github_MitjaNemec_PlaceFootprints.place_footprints 156:Footprint R14 on root level
11-13 17:52:45 com_github_MitjaNemec_PlaceFootprints.place_footprints 156:Footprint R13 on root level
11-13 17:52:45 com_github_MitjaNemec_PlaceFootprints.place_footprints 156:Footprint R12 on root level
11-13 17:52:45 com_github_MitjaNemec_PlaceFootprints.place_footprints 156:Footprint R11 on root level
11-13 17:52:45 com_github_MitjaNemec_PlaceFootprints.place_footprints 156:Footprint R10 on root level
11-13 17:52:45 com_github_MitjaNemec_PlaceFootprints.place_footprints 156:Footprint R9 on root level
11-13 17:52:45 com_github_MitjaNemec_PlaceFootprints.place_footprints 156:Footprint R8 on root level
11-13 17:52:45 com_github_MitjaNemec_PlaceFootprints.place_footprints 156:Footprint R7 on root level
11-13 17:52:45 com_github_MitjaNemec_PlaceFootprints.place_footprints 156:Footprint R6 on root level
11-13 17:52:45 com_github_MitjaNemec_PlaceFootprints.place_footprints 156:Footprint R5 on root level
11-13 17:52:45 com_github_MitjaNemec_PlaceFootprints.place_footprints 156:Footprint R4 on root level
11-13 17:52:45 com_github_MitjaNemec_PlaceFootprints.place_footprints 156:Footprint R3 on root level
11-13 17:52:45 com_github_MitjaNemec_PlaceFootprints.place_footprints 156:Footprint R2 on root level
11-13 17:52:45 com_github_MitjaNemec_PlaceFootprints.place_footprints 156:Footprint R1 on root level
11-13 17:52:45 com_github_MitjaNemec_PlaceFootprints.place_footprints 156:Footprint JP24 on root level
11-13 17:52:45 com_github_MitjaNemec_PlaceFootprints.place_footprints 156:Footprint JP23 on root level
11-13 17:52:45 com_github_MitjaNemec_PlaceFootprints.place_footprints 156:Footprint JP22 on root level
11-13 17:52:45 com_github_MitjaNemec_PlaceFootprints.place_footprints 156:Footprint JP21 on root level
11-13 17:52:45 com_github_MitjaNemec_PlaceFootprints.place_footprints 156:Footprint JP20 on root level
11-13 17:52:45 com_github_MitjaNemec_PlaceFootprints.place_footprints 156:Footprint JP19 on root level
11-13 17:52:45 com_github_MitjaNemec_PlaceFootprints.place_footprints 156:Footprint JP18 on root level
11-13 17:52:45 com_github_MitjaNemec_PlaceFootprints.place_footprints 156:Footprint JP17 on root level
11-13 17:52:45 com_github_MitjaNemec_PlaceFootprints.place_footprints 156:Footprint JP16 on root level
11-13 17:52:45 com_github_MitjaNemec_PlaceFootprints.place_footprints 156:Footprint JP15 on root level
11-13 17:52:45 com_github_MitjaNemec_PlaceFootprints.place_footprints 156:Footprint JP14 on root level
11-13 17:52:45 com_github_MitjaNemec_PlaceFootprints.place_footprints 156:Footprint JP13 on root level
11-13 17:52:45 com_github_MitjaNemec_PlaceFootprints.place_footprints 156:Footprint JP12 on root level
11-13 17:52:45 com_github_MitjaNemec_PlaceFootprints.place_footprints 156:Footprint JP11 on root level
11-13 17:52:45 com_github_MitjaNemec_PlaceFootprints.place_footprints 156:Footprint JP10 on root level
11-13 17:52:45 com_github_MitjaNemec_PlaceFootprints.place_footprints 156:Footprint JP9 on root level
11-13 17:52:45 com_github_MitjaNemec_PlaceFootprints.place_footprints 156:Footprint JP8 on root level
11-13 17:52:45 com_github_MitjaNemec_PlaceFootprints.place_footprints 156:Footprint JP7 on root level
11-13 17:52:45 com_github_MitjaNemec_PlaceFootprints.place_footprints 156:Footprint JP6 on root level
11-13 17:52:45 com_github_MitjaNemec_PlaceFootprints.place_footprints 156:Footprint JP5 on root level
11-13 17:52:45 com_github_MitjaNemec_PlaceFootprints.place_footprints 156:Footprint JP4 on root level
11-13 17:52:45 com_github_MitjaNemec_PlaceFootprints.place_footprints 156:Footprint JP3 on root level
11-13 17:52:45 com_github_MitjaNemec_PlaceFootprints.place_footprints 156:Footprint JP2 on root level
11-13 17:52:45 com_github_MitjaNemec_PlaceFootprints.place_footprints 156:Footprint JP1 on root level
11-13 17:52:45 com_github_MitjaNemec_PlaceFootprints.place_footprints 156:Footprint J25 on root level
11-13 17:52:45 com_github_MitjaNemec_PlaceFootprints.place_footprints 156:Footprint J24 on root level
11-13 17:52:45 com_github_MitjaNemec_PlaceFootprints.place_footprints 156:Footprint J23 on root level
11-13 17:52:45 com_github_MitjaNemec_PlaceFootprints.place_footprints 156:Footprint J22 on root level
11-13 17:52:45 com_github_MitjaNemec_PlaceFootprints.place_footprints 156:Footprint J19 on root level
11-13 17:52:45 com_github_MitjaNemec_PlaceFootprints.place_footprints 156:Footprint J18 on root level
11-13 17:52:45 com_github_MitjaNemec_PlaceFootprints.place_footprints 156:Footprint J12 on root level
11-13 17:52:45 com_github_MitjaNemec_PlaceFootprints.place_footprints 156:Footprint J11 on root level
11-13 17:52:45 com_github_MitjaNemec_PlaceFootprints.place_footprints 156:Footprint J10 on root level
11-13 17:52:45 com_github_MitjaNemec_PlaceFootprints.place_footprints 156:Footprint J5 on root level
11-13 17:52:45 com_github_MitjaNemec_PlaceFootprints.place_footprints 156:Footprint J1 on root level
11-13 17:52:45 com_github_MitjaNemec_PlaceFootprints.action_place_footprints 717:Reference footprint='JP1'
11-13 17:52:46 com_github_MitjaNemec_PlaceFootprints.action_place_footprints 858:Reference designator is: JP
11-13 17:52:46 com_github_MitjaNemec_PlaceFootprints.action_place_footprints 859:Reference number is: 1
11-13 17:52:46 com_github_MitjaNemec_PlaceFootprints.action_place_footprints 891:Sorted and filtered list:
['JP1', 'JP2', 'JP3', 'JP4', 'JP5', 'JP6', 'JP7', 'JP8', 'JP9', 'JP10', 'JP11', 'JP12', 'JP13', 'JP14', 'JP15', 'JP16', 'JP17', 'JP18', 'JP19', 'JP20', 'JP21', 'JP22', 'JP23', 'JP24']
11-13 17:52:47 com_github_MitjaNemec_PlaceFootprints.action_place_footprints 376:wx.Colour(240, 240, 240, 255)
11-13 17:52:50 com_github_MitjaNemec_PlaceFootprints.action_place_footprints 507:'0'
11-13 17:52:50 com_github_MitjaNemec_PlaceFootprints.action_place_footprints 553:Preparing config for reference linear
11-13 17:52:50 com_github_MitjaNemec_PlaceFootprints.action_place_footprints 573:Saving config file
11-13 17:52:50 com_github_MitjaNemec_PlaceFootprints.action_place_footprints 575:Saved the config file
11-13 17:52:50 com_github_MitjaNemec_PlaceFootprints.action_place_footprints 929:Footprints to place:
['JP1', 'JP2', 'JP3', 'JP4', 'JP5', 'JP6', 'JP7', 'JP8', 'JP9', 'JP10', 'JP11', 'JP12', 'JP13', 'JP14', 'JP15', 'JP16', 'JP17', 'JP18', 'JP19', 'JP20', 'JP21', 'JP22', 'JP23', 'JP24']
11-13 17:52:50 com_github_MitjaNemec_PlaceFootprints.place_footprints 396:Starting placing with linear layout
11-13 17:52:50 com_github_MitjaNemec_PlaceFootprints.action_place_footprints 970:Placing complete
